<!DOCTYPE html>
<html>
<head>

<meta http-equiv="Content-Type" content="text/html; charset=UTF-8" />

<script src="js/jquery.min.js"></script>
<script src="js/jquery.tablesorter.min.js"></script>
<script src="js/Chart.min.js"></script>
<script src="js/moment.min.js"></script>
<script src="js/bootstrap.min.js"></script>

<link rel="stylesheet" href="css/bootstrap.min.css" type="text/css"/>
<link rel="stylesheet" href="css/cucumber.css" type="text/css"/>
<link rel="stylesheet" href="css/font-awesome.min.css"/>
<link rel="shortcut icon" href="images/favicon.png"/>

<script>
$(document).ready(function() {
    // this will tell tablesorter to try looking for the data-value attribute
    // if present, it'll sort by that instead
    // otherwise, it'll sort by the text content of the table cell
    $("#tablesorter").tablesorter({
        textAttribute: 'data-value',
        // ignores the first row of the header, the 'scenario', 'steps', since
        // sorting those doesn't make sense
        selectorHeaders: '> thead tr:not(.dont-sort) th',
        // use a stable sort
        sortStable: true
    });
});
</script>











<title>Cucumber Reports (no 1) - Tag: @TC-Demo-1</title>

</head>
<body>

<nav class="navbar navbar-default navbar-fixed-top" id="navigation">
  <div class="container-fluid">
    <div class="collapse navbar-collapse">
      <p class="navbar-text navbar-left">Cucumber Report</p>
      <ul class="nav navbar-nav navbar-right">
        <li role="presentation" ><a href="overview-features.html">Features</a></li>
        <li role="presentation" ><a href="overview-tags.html">Tags</a></li>
        <li role="presentation" ><a href="overview-steps.html">Steps</a></li>
        <li role="presentation" ><a href="overview-failures.html">Failures</a></li>
      </ul>
    </div>
  </div>
</nav>


<div class="container-fluid">
  <div class="col-md-5 col-md-offset-1">

<table class="table table-bordered" id="build-info">
  <thead>
    <tr>
      <th>Project</th>
        <th>Number</th>
      <th>Date</th>
    </tr>
  </thead>
  <tbody>
    <tr class="info">
      <td>Cucumber Reports</td>
        <td>1</td>
      <td>01 Oct 2021, 19:11</td>
    </tr>
  </tbody>
</table>

  </div>
  <div class="col-md-3 col-md-offset-2">
  </div>
</div>


<div id="report-lead" class="container-fluid">
  <div class="col-md-10 col-md-offset-1">
    <h2>Tag Report</h2>
  </div>
</div>


<div class="container-fluid" id="report">
  <div class="row">
    <div class="col-md-10 col-md-offset-1">
      <table class="stats-table">


<thead>
  <tr class="header dont-sort">
      <th></th>
    <th colspan="6">Steps</th>
    <th colspan="3">Scenarios</th>
    <th colspan="2">Features</th>
  </tr>
  <tr>
    <th>Tag</th>
    <th class="passed">Passed</th>
    <th class="failed">Failed</th>
    <th class="skipped">Skipped</th>
    <th class="pending">Pending</th>
    <th class="undefined">Undefined</th>
    <th class="total">Total</th>

    <th class="passed">Passed</th>
    <th class="failed">Failed</th>
    <th class="total">Total</th>

    <th>Duration</th>
    <th>Status</th>
  </tr>
</thead>


        <tbody>
        <tr>
          <td class="tagname">@TC-Demo-1</td>
          <td      class="passed"    >14</td>
          <td      class="failed"    >1</td>
          <td     class="skipped"   >1</td>
          <td >0</td>
          <td >0</td>
          <td class="total">16</td>

          <td >0</td>
          <td  class="failed"    >1</td>
          <td class="total">1</td>

          <td class="duration" data-value="96671336821">1:36.671</td>
          <td class="failed">Failed</td>
        </tr>
        </tbody>

      </table>
    </div>
  </div>
</div>



<div class="container-fluid">
  <div class="row">
    <div class="col-md-1 col-md-offset-10">
      <i class="fa fa-chevron-circle-down fa-2x collapsable-control"
        onClick="javascript:$('#report .collapsable-details').collapse('show')"></i>
      <i class="fa fa-chevron-circle-up fa-2x collapsable-control"
        onClick="javascript:$('#report .collapsable-details').collapse('hide')"></i>
    </div>
  </div>
</div>


<div class="container-fluid" id="report">
  <div class="row">
    <div class="col-md-10 col-md-offset-1">
      <div class="elements">


<div class="element">
    <div class="indention">
      <b>Feature:</b>
      <a href="report-feature_3476067804.html">Demo1</a>
    </div>


<div class="tags indention">
    <b>Tags:</b>
       <a href="report-tag_788783044.html">@TC-Demo-1</a>
</div>


  <span class="lead-duration duration">1:36.671</span>


  <span data-toggle="collapse" class=" collapsable-control" data-target="#element-1">

<div class="brief failed">
  <span class="keyword indention">Scenario</span>
  <span class="name">User is able to Login and confirm data is getting transferred from GCS to BigQuery</span>


     <i class="chevron fa fa-fw"></i>
</div>

  </span>
  <div class="description indention"></div>

  <div id="element-1" class="collapse collapsable-details  in ">


  <div class="inner-level hooks-element-before">
    <div data-toggle="collapse" class=" collapsed  collapsable-control" data-target="#before-2">

<div class="brief passed">
  <span class="keyword indention">Hooks</span>
  <span class="name"></span>


     <i class="chevron fa fa-fw"></i>
</div>

    </div>

    <div id="before-2" class="inner-level collapse collapsable-details ">
        <div class="hook">
          <div class="brief passed">
            <span class="keyword indention">Before</span>
              <span class="location name">BeforeActions.setUp(Scenario)</span>

  <span class="lead-duration duration">2.889</span>

          </div>







        </div>
    </div>
  </div>



<div class="steps inner-level">
  <div data-toggle="collapse" class=" collapsable-control" data-target="#steps-3">

<div class="brief failed">
  <span class="keyword indention">Steps</span>
  <span class="name"></span>


     <i class="chevron fa fa-fw"></i>
</div>

  </div>

  <div id="steps-3" class="inner-level collapse collapsable-details  in ">
      <div class="step">


<div class="brief step-name-Given passed">
  <span class="keyword indention">Given</span>
  <span class="name">Open Datafusion Project to configure pipeline</span>

  <span class="lead-duration duration">7.480</span>

</div>















  <div class="inner-level hooks-step-after">
    <div data-toggle="collapse" class=" collapsed  collapsable-control" data-target="#after-4">

<div class="brief passed">
  <span class="keyword indention">Hooks</span>
  <span class="name"></span>


     <i class="chevron fa fa-fw"></i>
</div>

    </div>

    <div id="after-4" class="inner-level collapse collapsable-details ">
        <div class="hook">
          <div class="brief passed">
            <span class="keyword indention">After</span>
              <span class="location name">AfterActions.tearDown(Scenario)</span>

  <span class="lead-duration duration">0.318</span>

          </div>






  <div class="embeddings inner-level">
  <div class="embedding indention">
    <div data-toggle="collapse" data-target="#embedding-5" class="collapsable-control">
      <a>Attachment 1 (png)</a>
      <a href="embeddings/embedding_1871210991.png" download target="_blank">
        <span class="download-button glyphicon glyphicon-download-alt"></span>
      </a>
    </div>
    <div id="embedding-5" class="collapse collapsable-details ">
      <div class="embedding-content">
        <img src="embeddings/embedding_1871210991.png">
      </div>
    </div>
  </div>
  </div>

        </div>
    </div>
  </div>

      </div>
      <div class="step">


<div class="brief step-name-When passed">
  <span class="keyword indention">When</span>
  <span class="name">Source is GCS bucket</span>

  <span class="lead-duration duration">3.228</span>

</div>















  <div class="inner-level hooks-step-after">
    <div data-toggle="collapse" class=" collapsed  collapsable-control" data-target="#after-6">

<div class="brief passed">
  <span class="keyword indention">Hooks</span>
  <span class="name"></span>


     <i class="chevron fa fa-fw"></i>
</div>

    </div>

    <div id="after-6" class="inner-level collapse collapsable-details ">
        <div class="hook">
          <div class="brief passed">
            <span class="keyword indention">After</span>
              <span class="location name">AfterActions.tearDown(Scenario)</span>

  <span class="lead-duration duration">0.345</span>

          </div>






  <div class="embeddings inner-level">
  <div class="embedding indention">
    <div data-toggle="collapse" data-target="#embedding-7" class="collapsable-control">
      <a>Attachment 1 (png)</a>
      <a href="embeddings/embedding_-708672966.png" download target="_blank">
        <span class="download-button glyphicon glyphicon-download-alt"></span>
      </a>
    </div>
    <div id="embedding-7" class="collapse collapsable-details ">
      <div class="embedding-content">
        <img src="embeddings/embedding_-708672966.png">
      </div>
    </div>
  </div>
  </div>

        </div>
    </div>
  </div>

      </div>
      <div class="step">


<div class="brief step-name-When passed">
  <span class="keyword indention">When</span>
  <span class="name">Target is BigQuery</span>

  <span class="lead-duration duration">0.320</span>

</div>















  <div class="inner-level hooks-step-after">
    <div data-toggle="collapse" class=" collapsed  collapsable-control" data-target="#after-8">

<div class="brief passed">
  <span class="keyword indention">Hooks</span>
  <span class="name"></span>


     <i class="chevron fa fa-fw"></i>
</div>

    </div>

    <div id="after-8" class="inner-level collapse collapsable-details ">
        <div class="hook">
          <div class="brief passed">
            <span class="keyword indention">After</span>
              <span class="location name">AfterActions.tearDown(Scenario)</span>

  <span class="lead-duration duration">0.270</span>

          </div>






  <div class="embeddings inner-level">
  <div class="embedding indention">
    <div data-toggle="collapse" data-target="#embedding-9" class="collapsable-control">
      <a>Attachment 1 (png)</a>
      <a href="embeddings/embedding_1611800613.png" download target="_blank">
        <span class="download-button glyphicon glyphicon-download-alt"></span>
      </a>
    </div>
    <div id="embedding-9" class="collapse collapsable-details ">
      <div class="embedding-content">
        <img src="embeddings/embedding_1611800613.png">
      </div>
    </div>
  </div>
  </div>

        </div>
    </div>
  </div>

      </div>
      <div class="step">


<div class="brief step-name-Then passed">
  <span class="keyword indention">Then</span>
  <span class="name">Link Source and Sink to establish connection</span>

  <span class="lead-duration duration">2.421</span>

</div>















  <div class="inner-level hooks-step-after">
    <div data-toggle="collapse" class=" collapsed  collapsable-control" data-target="#after-10">

<div class="brief passed">
  <span class="keyword indention">Hooks</span>
  <span class="name"></span>


     <i class="chevron fa fa-fw"></i>
</div>

    </div>

    <div id="after-10" class="inner-level collapse collapsable-details ">
        <div class="hook">
          <div class="brief passed">
            <span class="keyword indention">After</span>
              <span class="location name">AfterActions.tearDown(Scenario)</span>

  <span class="lead-duration duration">0.251</span>

          </div>






  <div class="embeddings inner-level">
  <div class="embedding indention">
    <div data-toggle="collapse" data-target="#embedding-11" class="collapsable-control">
      <a>Attachment 1 (png)</a>
      <a href="embeddings/embedding_1524098609.png" download target="_blank">
        <span class="download-button glyphicon glyphicon-download-alt"></span>
      </a>
    </div>
    <div id="embedding-11" class="collapse collapsable-details ">
      <div class="embedding-content">
        <img src="embeddings/embedding_1524098609.png">
      </div>
    </div>
  </div>
  </div>

        </div>
    </div>
  </div>

      </div>
      <div class="step">


<div class="brief step-name-Then passed">
  <span class="keyword indention">Then</span>
  <span class="name">Enter the GCS Properties with <span class="argument">&quot;@TC-Demo-1_GCS&quot;</span> GCS bucket</span>

  <span class="lead-duration duration">20.348</span>

</div>















  <div class="inner-level hooks-step-after">
    <div data-toggle="collapse" class=" collapsed  collapsable-control" data-target="#after-12">

<div class="brief passed">
  <span class="keyword indention">Hooks</span>
  <span class="name"></span>


     <i class="chevron fa fa-fw"></i>
</div>

    </div>

    <div id="after-12" class="inner-level collapse collapsable-details ">
        <div class="hook">
          <div class="brief passed">
            <span class="keyword indention">After</span>
              <span class="location name">AfterActions.tearDown(Scenario)</span>

  <span class="lead-duration duration">0.220</span>

          </div>






  <div class="embeddings inner-level">
  <div class="embedding indention">
    <div data-toggle="collapse" data-target="#embedding-13" class="collapsable-control">
      <a>Attachment 1 (png)</a>
      <a href="embeddings/embedding_-696937329.png" download target="_blank">
        <span class="download-button glyphicon glyphicon-download-alt"></span>
      </a>
    </div>
    <div id="embedding-13" class="collapse collapsable-details ">
      <div class="embedding-content">
        <img src="embeddings/embedding_-696937329.png">
      </div>
    </div>
  </div>
  </div>

        </div>
    </div>
  </div>

      </div>
      <div class="step">


<div class="brief step-name-Then passed">
  <span class="keyword indention">Then</span>
  <span class="name">Close the GCS Properties</span>

  <span class="lead-duration duration">0.223</span>

</div>















  <div class="inner-level hooks-step-after">
    <div data-toggle="collapse" class=" collapsed  collapsable-control" data-target="#after-14">

<div class="brief passed">
  <span class="keyword indention">Hooks</span>
  <span class="name"></span>


     <i class="chevron fa fa-fw"></i>
</div>

    </div>

    <div id="after-14" class="inner-level collapse collapsable-details ">
        <div class="hook">
          <div class="brief passed">
            <span class="keyword indention">After</span>
              <span class="location name">AfterActions.tearDown(Scenario)</span>

  <span class="lead-duration duration">0.265</span>

          </div>






  <div class="embeddings inner-level">
  <div class="embedding indention">
    <div data-toggle="collapse" data-target="#embedding-15" class="collapsable-control">
      <a>Attachment 1 (png)</a>
      <a href="embeddings/embedding_613584653.png" download target="_blank">
        <span class="download-button glyphicon glyphicon-download-alt"></span>
      </a>
    </div>
    <div id="embedding-15" class="collapse collapsable-details ">
      <div class="embedding-content">
        <img src="embeddings/embedding_613584653.png">
      </div>
    </div>
  </div>
  </div>

        </div>
    </div>
  </div>

      </div>
      <div class="step">


<div class="brief step-name-Then passed">
  <span class="keyword indention">Then</span>
  <span class="name">Enter the BigQuery Properties for table <span class="argument">&quot;tableDemo&quot;</span></span>

  <span class="lead-duration duration">11.582</span>

</div>















  <div class="inner-level hooks-step-after">
    <div data-toggle="collapse" class=" collapsed  collapsable-control" data-target="#after-16">

<div class="brief passed">
  <span class="keyword indention">Hooks</span>
  <span class="name"></span>


     <i class="chevron fa fa-fw"></i>
</div>

    </div>

    <div id="after-16" class="inner-level collapse collapsable-details ">
        <div class="hook">
          <div class="brief passed">
            <span class="keyword indention">After</span>
              <span class="location name">AfterActions.tearDown(Scenario)</span>

  <span class="lead-duration duration">0.395</span>

          </div>






  <div class="embeddings inner-level">
  <div class="embedding indention">
    <div data-toggle="collapse" data-target="#embedding-17" class="collapsable-control">
      <a>Attachment 1 (png)</a>
      <a href="embeddings/embedding_1694782945.png" download target="_blank">
        <span class="download-button glyphicon glyphicon-download-alt"></span>
      </a>
    </div>
    <div id="embedding-17" class="collapse collapsable-details ">
      <div class="embedding-content">
        <img src="embeddings/embedding_1694782945.png">
      </div>
    </div>
  </div>
  </div>

        </div>
    </div>
  </div>

      </div>
      <div class="step">


<div class="brief step-name-Then passed">
  <span class="keyword indention">Then</span>
  <span class="name">Close the BigQuery Properties</span>

  <span class="lead-duration duration">0.181</span>

</div>















  <div class="inner-level hooks-step-after">
    <div data-toggle="collapse" class=" collapsed  collapsable-control" data-target="#after-18">

<div class="brief passed">
  <span class="keyword indention">Hooks</span>
  <span class="name"></span>


     <i class="chevron fa fa-fw"></i>
</div>

    </div>

    <div id="after-18" class="inner-level collapse collapsable-details ">
        <div class="hook">
          <div class="brief passed">
            <span class="keyword indention">After</span>
              <span class="location name">AfterActions.tearDown(Scenario)</span>

  <span class="lead-duration duration">0.283</span>

          </div>






  <div class="embeddings inner-level">
  <div class="embedding indention">
    <div data-toggle="collapse" data-target="#embedding-19" class="collapsable-control">
      <a>Attachment 1 (png)</a>
      <a href="embeddings/embedding_-1119434339.png" download target="_blank">
        <span class="download-button glyphicon glyphicon-download-alt"></span>
      </a>
    </div>
    <div id="embedding-19" class="collapse collapsable-details ">
      <div class="embedding-content">
        <img src="embeddings/embedding_-1119434339.png">
      </div>
    </div>
  </div>
  </div>

        </div>
    </div>
  </div>

      </div>
      <div class="step">


<div class="brief step-name-Then passed">
  <span class="keyword indention">Then</span>
  <span class="name">Save and Deploy Pipeline</span>

  <span class="lead-duration duration">4.383</span>

</div>















  <div class="inner-level hooks-step-after">
    <div data-toggle="collapse" class=" collapsed  collapsable-control" data-target="#after-20">

<div class="brief passed">
  <span class="keyword indention">Hooks</span>
  <span class="name"></span>


     <i class="chevron fa fa-fw"></i>
</div>

    </div>

    <div id="after-20" class="inner-level collapse collapsable-details ">
        <div class="hook">
          <div class="brief passed">
            <span class="keyword indention">After</span>
              <span class="location name">AfterActions.tearDown(Scenario)</span>

  <span class="lead-duration duration">0.421</span>

          </div>






  <div class="embeddings inner-level">
  <div class="embedding indention">
    <div data-toggle="collapse" data-target="#embedding-21" class="collapsable-control">
      <a>Attachment 1 (png)</a>
      <a href="embeddings/embedding_-411384636.png" download target="_blank">
        <span class="download-button glyphicon glyphicon-download-alt"></span>
      </a>
    </div>
    <div id="embedding-21" class="collapse collapsable-details ">
      <div class="embedding-content">
        <img src="embeddings/embedding_-411384636.png">
      </div>
    </div>
  </div>
  </div>

        </div>
    </div>
  </div>

      </div>
      <div class="step">


<div class="brief step-name-Then passed">
  <span class="keyword indention">Then</span>
  <span class="name">Run the Pipeline in Runtime</span>

  <span class="lead-duration duration">4.812</span>

</div>















  <div class="inner-level hooks-step-after">
    <div data-toggle="collapse" class=" collapsed  collapsable-control" data-target="#after-22">

<div class="brief passed">
  <span class="keyword indention">Hooks</span>
  <span class="name"></span>


     <i class="chevron fa fa-fw"></i>
</div>

    </div>

    <div id="after-22" class="inner-level collapse collapsable-details ">
        <div class="hook">
          <div class="brief passed">
            <span class="keyword indention">After</span>
              <span class="location name">AfterActions.tearDown(Scenario)</span>

  <span class="lead-duration duration">0.294</span>

          </div>






  <div class="embeddings inner-level">
  <div class="embedding indention">
    <div data-toggle="collapse" data-target="#embedding-23" class="collapsable-control">
      <a>Attachment 1 (png)</a>
      <a href="embeddings/embedding_-785872439.png" download target="_blank">
        <span class="download-button glyphicon glyphicon-download-alt"></span>
      </a>
    </div>
    <div id="embedding-23" class="collapse collapsable-details ">
      <div class="embedding-content">
        <img src="embeddings/embedding_-785872439.png">
      </div>
    </div>
  </div>
  </div>

        </div>
    </div>
  </div>

      </div>
      <div class="step">


<div class="brief step-name-Then passed">
  <span class="keyword indention">Then</span>
  <span class="name">Wait till pipeline is in running state</span>

  <span class="lead-duration duration">39.698</span>

</div>















  <div class="inner-level hooks-step-after">
    <div data-toggle="collapse" class=" collapsed  collapsable-control" data-target="#after-24">

<div class="brief passed">
  <span class="keyword indention">Hooks</span>
  <span class="name"></span>


     <i class="chevron fa fa-fw"></i>
</div>

    </div>

    <div id="after-24" class="inner-level collapse collapsable-details ">
        <div class="hook">
          <div class="brief passed">
            <span class="keyword indention">After</span>
              <span class="location name">AfterActions.tearDown(Scenario)</span>

  <span class="lead-duration duration">0.223</span>

          </div>






  <div class="embeddings inner-level">
  <div class="embedding indention">
    <div data-toggle="collapse" data-target="#embedding-25" class="collapsable-control">
      <a>Attachment 1 (png)</a>
      <a href="embeddings/embedding_-1193699619.png" download target="_blank">
        <span class="download-button glyphicon glyphicon-download-alt"></span>
      </a>
    </div>
    <div id="embedding-25" class="collapse collapsable-details ">
      <div class="embedding-content">
        <img src="embeddings/embedding_-1193699619.png">
      </div>
    </div>
  </div>
  </div>

        </div>
    </div>
  </div>

      </div>
      <div class="step">


<div class="brief step-name-Then passed">
  <span class="keyword indention">Then</span>
  <span class="name">Open Logs</span>

  <span class="lead-duration duration">1.123</span>

</div>











  <div class="outputs inner-level">
      <div class="output indention">
        <div data-toggle="collapse" class=" collapsed  collapsable-control" data-target="#output-26">
          Output 1
          <i class="chevron fa fa-fw"></i>
        </div>
        <div id="output-26" class="collapse collapsable-details " >
          
          <pre><p>2021-10-01 19:11:05,311 - DEBUG [provisioning-task-0:i.c.c.i.p.t.ProvisioningTask@125] - Executing PROVISION subtask REQUESTING_CREATE for program run program_run:default.TestPipeline3981a107-85ac-4033-82a0-24859b3bb854.-SNAPSHOT.workflow.DataPipelineWorkflow.531b26b4-22eb-11ec-90c8-eee09c71e460.
2021-10-01 19:11:05,319 - DEBUG [provisioning-task-0:i.c.c.i.p.t.ProvisioningTask@129] - Completed PROVISION subtask REQUESTING_CREATE for program run program_run:default.TestPipeline3981a107-85ac-4033-82a0-24859b3bb854.-SNAPSHOT.workflow.DataPipelineWorkflow.531b26b4-22eb-11ec-90c8-eee09c71e460.
2021-10-01 19:11:05,387 - DEBUG [provisioning-task-0:i.c.c.i.p.t.ProvisioningTask@116] - Completed PROVISION task for program run program_run:default.TestPipeline3981a107-85ac-4033-82a0-24859b3bb854.-SNAPSHOT.workflow.DataPipelineWorkflow.531b26b4-22eb-11ec-90c8-eee09c71e460.
2021-10-01 19:11:09,786 - INFO  [WorkflowDriver:i.c.c.d.SmartWorkflow@470] - Pipeline 'TestPipeline3981a107-85ac-4033-82a0-24859b3bb854' is started by user 'runner' with arguments {logical.start.time=1633115464859}
2021-10-01 19:11:09,840 - INFO  [WorkflowDriver:i.c.c.d.SmartWorkflow@505] - Pipeline 'TestPipeline3981a107-85ac-4033-82a0-24859b3bb854' running
2021-10-01 19:11:09,848 - DEBUG [WorkflowDriver:i.c.c.i.a.r.w.WorkflowProgramController@71] - Workflow service workflow.default.TestPipeline3981a107-85ac-4033-82a0-24859b3bb854.DataPipelineWorkflow.531b26b4-22eb-11ec-90c8-eee09c71e460 started
2021-10-01 19:11:09,850 - INFO  [WorkflowDriver:i.c.c.i.a.r.w.WorkflowDriver@623] - Starting workflow execution for 'DataPipelineWorkflow' with Run id '531b26b4-22eb-11ec-90c8-eee09c71e460'
2021-10-01 19:11:09,913 - INFO  [action-phase-1-0:i.c.c.i.a.r.w.WorkflowDriver@337] - Starting Spark Program 'phase-1' in workflow
2021-10-01 19:11:09,980 - DEBUG [action-phase-1-0:i.c.c.a.r.s.SparkProgramRunner@231] - Starting Spark Job. Context: SparkRuntimeContext{id=program:default.TestPipeline3981a107-85ac-4033-82a0-24859b3bb854.-SNAPSHOT.spark.phase-1, runId=561e0675-22eb-11ec-99be-eee09c71e460}
2021-10-01 19:11:15,631 - DEBUG [SparkRunnerphase-1:i.c.p.g.b.s.AbstractBigQuerySink@136] - Init output for table 'DemoCheck1' with schema: {&quot;type&quot;:&quot;record&quot;,&quot;name&quot;:&quot;text&quot;,&quot;fields&quot;:[{&quot;name&quot;:&quot;name&quot;,&quot;type&quot;:&quot;string&quot;},{&quot;name&quot;:&quot;age&quot;,&quot;type&quot;:&quot;int&quot;}]}
2021-10-01 19:11:15,941 - DEBUG [SparkRunnerphase-1:i.c.c.i.a.r.LocalizationUtils@55] - Hard link file from /tmp/HydratorSpark4567487897167755880.config to /tmp/google-cloud/google-cloud/sandbox/cdap-sandbox-6.6.0-SNAPSHOT/data/tmp/1633115469998-0/HydratorSpark.config
2021-10-01 19:11:15,971 - DEBUG [spark-submitter-phase-1-561e0675-22eb-11ec-99be-eee09c71e460:i.c.c.a.r.s.s.AbstractSparkSubmitter@164] - Calling SparkSubmit for program:default.TestPipeline3981a107-85ac-4033-82a0-24859b3bb854.-SNAPSHOT.spark.phase-1 561e0675-22eb-11ec-99be-eee09c71e460: [--master, local[2], --conf, spark.app.name=phase-1, --conf, spark.executor.memory=2048m, --conf, spark.driver.memory=2048m, --conf, spark.local.dir=/tmp/google-cloud/google-cloud/sandbox/cdap-sandbox-6.6.0-SNAPSHOT/data/tmp/1633115469998-0, --conf, spark.driver.cores=1, --conf, spark.yarn.maxAppAttempts=1, --conf, spark.executor.id=TestPipeline3981a107-85ac-4033-82a0-24859b3bb854, --conf, spark.network.timeout=600s, --conf, spark.executor.cores=1, --conf, spark.metrics.conf=/tmp/google-cloud/google-cloud/sandbox/cdap-sandbox-6.6.0-SNAPSHOT/data/tmp/1633115469998-0/metrics.properties, --conf, spark.speculation=false, --conf, spark.sql.caseSensitive=true, --conf, spark.app.id=TestPipeline3981a107-85ac-4033-82a0-24859b3bb854, --conf, spark.maxRemoteBlockSizeFetchToMem=2147483135, --conf, spark.extraListeners=io.cdap.cdap.app.runtime.spark.DelegatingSparkListener, --conf, spark.sql.autoBroadcastJoinThreshold=-1, --conf, spark.executor.extraJavaOptions=-Dstreaming.checkpoint.rewrite.enabled=true, --conf, spark.cdap.localized.resources=[&quot;HydratorSpark.config&quot;], --conf, spark.driver.extraJavaOptions=-Dstreaming.checkpoint.rewrite.enabled=true, --class, io.cdap.cdap.app.runtime.spark.SparkMainWrapper, /tmp/google-cloud/google-cloud/sandbox/cdap-sandbox-6.6.0-SNAPSHOT/data/runtime/spark/cdapSparkJob.jar, --cdap.spark.program=program_run:default.TestPipeline3981a107-85ac-4033-82a0-24859b3bb854.-SNAPSHOT.spark.phase-1.561e0675-22eb-11ec-99be-eee09c71e460, --cdap.user.main.class=io.cdap.cdap.etl.spark.batch.BatchSparkPipelineDriver]
2021-10-01 19:11:16,235 - INFO  [SparkDriverHttpService STARTING:i.c.h.NettyHttpService@181] - Starting HTTP Service phase-1-http-service at address localhost/127.0.0.1:0
2021-10-01 19:11:16,237 - DEBUG [SparkDriverHttpService STARTING:i.c.h.NettyHttpService@191] - Started HTTP Service phase-1-http-service at address /127.0.0.1:33401
2021-10-01 19:11:16,255 - INFO  [spark-submitter-phase-1-561e0675-22eb-11ec-99be-eee09c71e460:i.c.c.a.r.s.SparkMainWrapper$@78] - Launching user spark class class io.cdap.cdap.etl.spark.batch.BatchSparkPipelineDriver
2021-10-01 19:11:16,421 - WARN  [spark-submitter-phase-1-561e0675-22eb-11ec-99be-eee09c71e460:o.a.s.SparkConf@66] - In Spark 1.0 and later spark.local.dir will be overridden by the value set by the cluster manager (via SPARK_LOCAL_DIRS in mesos/standalone and LOCAL_DIRS in YARN).
2021-10-01 19:11:18,489 - DEBUG [spark-submitter-phase-1-561e0675-22eb-11ec-99be-eee09c71e460:i.c.c.a.r.s.SparkMetricsSink@51] - Using SparkMetricsSink for reporting metrics: {class=io.cdap.cdap.app.runtime.spark.SparkMetricsSink}
2021-10-01 19:11:20,178 - INFO  [spark-submitter-phase-1-561e0675-22eb-11ec-99be-eee09c71e460:c.g.c.h.i.b.o.ForwardingBigQueryFileOutputFormat@76] - Using output path 'gs://64267b3f-1973-49be-9766-bd498057659a/64267b3f-1973-49be-9766-bd498057659a/input/DemoCheck1-64267b3f-1973-49be-9766-bd498057659a'.
2021-10-01 19:11:20,557 - INFO  [spark-submitter-phase-1-561e0675-22eb-11ec-99be-eee09c71e460:c.g.c.h.i.b.BigQueryFactory@76] - Bigquery connector version hadoop2-1.0.0
2021-10-01 19:11:20,560 - INFO  [spark-submitter-phase-1-561e0675-22eb-11ec-99be-eee09c71e460:c.g.c.h.i.b.BigQueryFactory@76] - Creating BigQuery from default credential.
2021-10-01 19:11:20,571 - INFO  [spark-submitter-phase-1-561e0675-22eb-11ec-99be-eee09c71e460:c.g.c.h.i.b.BigQueryFactory@76] - Creating BigQuery from given credential.
2021-10-01 19:11:20,571 - INFO  [spark-submitter-phase-1-561e0675-22eb-11ec-99be-eee09c71e460:c.g.c.h.i.b.o.ForwardingBigQueryFileOutputFormat@76] - Delegating functionality to 'AvroOutputFormat'.
2021-10-01 19:11:20,825 - INFO  [spark-submitter-phase-1-561e0675-22eb-11ec-99be-eee09c71e460:c.g.c.h.i.b.o.ForwardingBigQueryFileOutputFormat@76] - Delegating functionality to 'AvroOutputFormat'.
2021-10-01 19:11:20,987 - INFO  [spark-submitter-phase-1-561e0675-22eb-11ec-99be-eee09c71e460:c.g.c.h.i.b.BigQueryFactory@76] - Creating BigQuery from default credential.
2021-10-01 19:11:20,993 - INFO  [spark-submitter-phase-1-561e0675-22eb-11ec-99be-eee09c71e460:c.g.c.h.i.b.BigQueryFactory@76] - Creating BigQuery from given credential.
2021-10-01 19:11:20,993 - INFO  [spark-submitter-phase-1-561e0675-22eb-11ec-99be-eee09c71e460:c.g.c.h.i.b.BigQueryFactory@76] - Creating BigQuery from default credential.
2021-10-01 19:11:20,999 - INFO  [spark-submitter-phase-1-561e0675-22eb-11ec-99be-eee09c71e460:c.g.c.h.i.b.BigQueryFactory@76] - Creating BigQuery from given credential.
2021-10-01 19:11:22,309 - DEBUG [SparkListenerBus:i.c.c.a.r.s.AbstractSparkExecutionContext@156] - Spark program=program:default.TestPipeline3981a107-85ac-4033-82a0-24859b3bb854.-SNAPSHOT.spark.phase-1, runId=561e0675-22eb-11ec-99be-eee09c71e460, jobId=0 starts with auto-commit=false on transaction Transaction{readPointer: 1633115478045000000, transactionId: 1633115478614000000, writePointer: 1633115478614000000, invalids: [1633110226328000000], inProgress: [], firstShortInProgress: 9223372036854775807, type: LONG, checkpointWritePointers: [], visibilityLevel: SNAPSHOT}
2021-10-01 19:11:22,330 - DEBUG [SparkListenerBus:i.c.c.a.r.s.SparkTransactionHandler@110] - Spark job started: JobTransaction{jobId=0, stageIds=[0], transaction=Transaction{readPointer: 1633115478045000000, transactionId: 1633115478614000000, writePointer: 1633115478614000000, invalids: [1633110226328000000], inProgress: [], firstShortInProgress: 9223372036854775807, type: LONG, checkpointWritePointers: [], visibilityLevel: SNAPSHOT}}
2021-10-01 19:11:23,028 - INFO  [Executor task launch worker for task 0:c.g.c.h.i.b.o.ForwardingBigQueryFileOutputFormat@76] - Delegating functionality to 'AvroOutputFormat'.
2021-10-01 19:11:23,144 - INFO  [Executor task launch worker for task 0:c.g.c.h.i.b.BigQueryFactory@76] - Creating BigQuery from default credential.
2021-10-01 19:11:23,147 - INFO  [Executor task launch worker for task 0:c.g.c.h.i.b.BigQueryFactory@76] - Creating BigQuery from given credential.
2021-10-01 19:11:23,147 - INFO  [Executor task launch worker for task 0:c.g.c.h.i.b.BigQueryFactory@76] - Creating BigQuery from default credential.
2021-10-01 19:11:23,149 - INFO  [Executor task launch worker for task 0:c.g.c.h.i.b.BigQueryFactory@76] - Creating BigQuery from given credential.
2021-10-01 19:11:23,159 - INFO  [Executor task launch worker for task 0:c.g.c.h.i.b.o.ForwardingBigQueryFileOutputFormat@76] - Delegating functionality to 'AvroOutputFormat'.
2021-10-01 19:11:26,795 - DEBUG [SparkListenerBus:i.c.c.a.r.s.SparkTransactionHandler@144] - Spark job ended: JobTransaction{jobId=0, stageIds=[0], transaction=Transaction{readPointer: 1633115478045000000, transactionId: 1633115478614000000, writePointer: 1633115478614000000, invalids: [1633110226328000000], inProgress: [], firstShortInProgress: 9223372036854775807, type: LONG, checkpointWritePointers: [], visibilityLevel: SNAPSHOT}}
2021-10-01 19:11:30,493 - DEBUG [spark-submitter-phase-1-561e0675-22eb-11ec-99be-eee09c71e460:i.c.p.g.b.s.BigQueryOutputFormat@196] - Allow schema relaxation: 'true'
2021-10-01 19:11:30,511 - DEBUG [spark-submitter-phase-1-561e0675-22eb-11ec-99be-eee09c71e460:i.c.p.g.b.s.BigQueryOutputFormat@198] - Create Partitioned Table type: 'TIME'
2021-10-01 19:11:30,512 - DEBUG [spark-submitter-phase-1-561e0675-22eb-11ec-99be-eee09c71e460:i.c.p.g.b.s.BigQueryOutputFormat@201] - Partition Field: 'null'
2021-10-01 19:11:30,512 - DEBUG [spark-submitter-phase-1-561e0675-22eb-11ec-99be-eee09c71e460:i.c.p.g.b.s.BigQueryOutputFormat@203] - Require partition filter: 'false'
2021-10-01 19:11:30,513 - DEBUG [spark-submitter-phase-1-561e0675-22eb-11ec-99be-eee09c71e460:i.c.p.g.b.s.BigQueryOutputFormat@219] - Partition filter: 'null'
2021-10-01 19:11:30,514 - INFO  [spark-submitter-phase-1-561e0675-22eb-11ec-99be-eee09c71e460:i.c.p.g.b.s.BigQueryOutputFormat@272] - Importing into table 'cdf-athena:test_automation.DemoCheck1' from 1 paths; path[0] is 'gs://64267b3f-1973-49be-9766-bd498057659a/64267b3f-1973-49be-9766-bd498057659a/input/DemoCheck1-64267b3f-1973-49be-9766-bd498057659a/part-r-00000.avro'; awaitCompletion: true
2021-10-01 19:11:30,521 - INFO  [spark-submitter-phase-1-561e0675-22eb-11ec-99be-eee09c71e460:i.c.p.g.b.s.BigQueryOutputFormat@375] - Using schema 'GenericData{classInfo=[fields], {fields=[{&quot;mode&quot;:&quot;REQUIRED&quot;,&quot;name&quot;:&quot;name&quot;,&quot;type&quot;:&quot;STRING&quot;}, {&quot;mode&quot;:&quot;REQUIRED&quot;,&quot;name&quot;:&quot;age&quot;,&quot;type&quot;:&quot;INTEGER&quot;}]}}' for the load job config.
2021-10-01 19:11:31,421 - DEBUG [spark-submitter-phase-1-561e0675-22eb-11ec-99be-eee09c71e460:i.c.p.g.b.s.BigQueryOutputFormat@503] - Job status (125 ms) 4291a398-0d1c-4fef-9a85-18ef4386ba97: RUNNING
2021-10-01 19:11:38,530 - DEBUG [spark-submitter-phase-1-561e0675-22eb-11ec-99be-eee09c71e460:i.c.p.g.b.s.BigQueryOutputFormat@503] - Job status (7234 ms) 4291a398-0d1c-4fef-9a85-18ef4386ba97: DONE
2021-10-01 19:11:38,931 - INFO  [spark-submitter-phase-1-561e0675-22eb-11ec-99be-eee09c71e460:i.c.p.g.b.s.BigQueryOutputFormat@408] - Imported into table 'cdf-athena:test_automation.DemoCheck1' from 1 paths; path[0] is 'gs://64267b3f-1973-49be-9766-bd498057659a/64267b3f-1973-49be-9766-bd498057659a/input/DemoCheck1-64267b3f-1973-49be-9766-bd498057659a/part-r-00000.avro'
2021-10-01 19:11:39,130 - INFO  [spark-submitter-phase-1-561e0675-22eb-11ec-99be-eee09c71e460:c.g.c.h.i.b.o.ForwardingBigQueryFileOutputCommitter@76] - Found GCS output data at 'gs://64267b3f-1973-49be-9766-bd498057659a/64267b3f-1973-49be-9766-bd498057659a/input/DemoCheck1-64267b3f-1973-49be-9766-bd498057659a', attempting to clean up.
2021-10-01 19:11:39,607 - INFO  [spark-submitter-phase-1-561e0675-22eb-11ec-99be-eee09c71e460:c.g.c.h.i.b.o.ForwardingBigQueryFileOutputCommitter@76] - Successfully deleted GCS output path 'gs://64267b3f-1973-49be-9766-bd498057659a/64267b3f-1973-49be-9766-bd498057659a/input/DemoCheck1-64267b3f-1973-49be-9766-bd498057659a'.
2021-10-01 19:11:39,825 - DEBUG [spark-submitter-phase-1-561e0675-22eb-11ec-99be-eee09c71e460:i.c.c.a.r.s.SparkRuntimeEnv$@347] - Shutting down Server and ThreadPool used by Spark org.apache.spark.SparkContext@5e1d478f
2021-10-01 19:11:39,840 - INFO  [SparkDriverHttpService STOPPING:i.c.h.NettyHttpService@258] - Stopping HTTP Service phase-1-http-service
2021-10-01 19:11:39,899 - DEBUG [SparkDriverHttpService STOPPING:i.c.h.NettyHttpService@276] - Stopped HTTP Service phase-1-http-service on address localhost/127.0.0.1:33401
2021-10-01 19:11:39,901 - DEBUG [spark-submitter-phase-1-561e0675-22eb-11ec-99be-eee09c71e460:i.c.c.a.r.s.s.AbstractSparkSubmitter@171] - SparkSubmit returned for program:default.TestPipeline3981a107-85ac-4033-82a0-24859b3bb854.-SNAPSHOT.spark.phase-1 561e0675-22eb-11ec-99be-eee09c71e460
2021-10-01 19:11:40,823 - DEBUG [SparkRunnerphase-1:i.c.p.g.b.u.BigQueryUtil@713] - Deleted temporary directory 'gs://64267b3f-1973-49be-9766-bd498057659a'
2021-10-01 19:11:41,308 - INFO  [SparkRunnerphase-1:i.c.p.g.b.s.BigQuerySink@139] - Job JobId{project=cdf-athena, job=4291a398-0d1c-4fef-9a85-18ef4386ba97, location=US} affected 3 rows
2021-10-01 19:11:41,310 - DEBUG [SparkRunnerphase-1:i.c.c.a.r.s.SparkRuntimeService@896] - Running Spark shutdown hook org.apache.spark.util.SparkShutdownHookManager$$anon$2@52556684
2021-10-01 19:11:41,342 - DEBUG [SparkRunnerphase-1:i.c.c.a.r.s.SparkRuntimeService@376] - Spark program completed: SparkRuntimeContext{id=program:default.TestPipeline3981a107-85ac-4033-82a0-24859b3bb854.-SNAPSHOT.spark.phase-1, runId=561e0675-22eb-11ec-99be-eee09c71e460}
2021-10-01 19:11:41,914 - INFO  [action-phase-1-0:i.c.c.i.a.r.w.WorkflowDriver@340] - Spark Program 'phase-1' in workflow completed
2021-10-01 19:11:41,917 - INFO  [WorkflowDriver:i.c.c.i.a.r.w.WorkflowDriver@631] - Workflow 'DataPipelineWorkflow' with run id '531b26b4-22eb-11ec-90c8-eee09c71e460' completed
2021-10-01 19:11:41,918 - INFO  [WorkflowDriver:i.c.c.d.SmartWorkflow@563] - Pipeline 'TestPipeline3981a107-85ac-4033-82a0-24859b3bb854' succeeded.
2021-10-01 19:11:42,066 - DEBUG [WorkflowDriver:i.c.c.i.a.r.w.WorkflowProgramController@77] - Workflow service terminated from RUNNING. Un-registering service workflow.default.TestPipeline3981a107-85ac-4033-82a0-24859b3bb854.DataPipelineWorkflow.531b26b4-22eb-11ec-90c8-eee09c71e460.
2021-10-01 19:11:42,077 - DEBUG [pcontroller-program:default.TestPipeline3981a107-85ac-4033-82a0-24859b3bb854.-SNAPSHOT.workflow.DataPipelineWorkflow-531b26b4-22eb-11ec-90c8-eee09c71e460-3:i.c.c.a.r.AbstractProgramRuntimeService@564] - RuntimeInfo removed: program_run:default.TestPipeline3981a107-85ac-4033-82a0-24859b3bb854.-SNAPSHOT.workflow.DataPipelineWorkflow.531b26b4-22eb-11ec-90c8-eee09c71e460
2021-10-01 19:11:43,487 - DEBUG [provisioning-task-2:i.c.c.i.p.t.ProvisioningTask@125] - Executing DEPROVISION subtask REQUESTING_DELETE for program run program_run:default.TestPipeline3981a107-85ac-4033-82a0-24859b3bb854.-SNAPSHOT.workflow.DataPipelineWorkflow.531b26b4-22eb-11ec-90c8-eee09c71e460.
2021-10-01 19:11:43,488 - DEBUG [provisioning-task-2:i.c.c.i.p.t.ProvisioningTask@129] - Completed DEPROVISION subtask REQUESTING_DELETE for program run program_run:default.TestPipeline3981a107-85ac-4033-82a0-24859b3bb854.-SNAPSHOT.workflow.DataPipelineWorkflow.531b26b4-22eb-11ec-90c8-eee09c71e460.
2021-10-01 19:11:43,519 - DEBUG [provisioning-task-3:i.c.c.i.p.t.ProvisioningTask@116] - Completed DEPROVISION task for program run program_run:default.TestPipeline3981a107-85ac-4033-82a0-24859b3bb854.-SNAPSHOT.workflow.DataPipelineWorkflow.531b26b4-22eb-11ec-90c8-eee09c71e460.</p></pre>
        </div>
      </div>
  </div>




  <div class="inner-level hooks-step-after">
    <div data-toggle="collapse" class=" collapsed  collapsable-control" data-target="#after-27">

<div class="brief passed">
  <span class="keyword indention">Hooks</span>
  <span class="name"></span>


     <i class="chevron fa fa-fw"></i>
</div>

    </div>

    <div id="after-27" class="inner-level collapse collapsable-details ">
        <div class="hook">
          <div class="brief passed">
            <span class="keyword indention">After</span>
              <span class="location name">AfterActions.tearDown(Scenario)</span>

  <span class="lead-duration duration">0.254</span>

          </div>






  <div class="embeddings inner-level">
  <div class="embedding indention">
    <div data-toggle="collapse" data-target="#embedding-28" class="collapsable-control">
      <a>Attachment 1 (png)</a>
      <a href="embeddings/embedding_-20801803.png" download target="_blank">
        <span class="download-button glyphicon glyphicon-download-alt"></span>
      </a>
    </div>
    <div id="embedding-28" class="collapse collapsable-details ">
      <div class="embedding-content">
        <img src="embeddings/embedding_-20801803.png">
      </div>
    </div>
  </div>
  </div>

        </div>
    </div>
  </div>

      </div>
      <div class="step">


<div class="brief step-name-Then passed">
  <span class="keyword indention">Then</span>
  <span class="name">Verify the pipeline status is <span class="argument">&quot;Succeeded&quot;</span></span>

  <span class="lead-duration duration">0.044</span>

</div>















  <div class="inner-level hooks-step-after">
    <div data-toggle="collapse" class=" collapsed  collapsable-control" data-target="#after-29">

<div class="brief passed">
  <span class="keyword indention">Hooks</span>
  <span class="name"></span>


     <i class="chevron fa fa-fw"></i>
</div>

    </div>

    <div id="after-29" class="inner-level collapse collapsable-details ">
        <div class="hook">
          <div class="brief passed">
            <span class="keyword indention">After</span>
              <span class="location name">AfterActions.tearDown(Scenario)</span>

  <span class="lead-duration duration">0.267</span>

          </div>






  <div class="embeddings inner-level">
  <div class="embedding indention">
    <div data-toggle="collapse" data-target="#embedding-30" class="collapsable-control">
      <a>Attachment 1 (png)</a>
      <a href="embeddings/embedding_-20801803.png" download target="_blank">
        <span class="download-button glyphicon glyphicon-download-alt"></span>
      </a>
    </div>
    <div id="embedding-30" class="collapse collapsable-details ">
      <div class="embedding-content">
        <img src="embeddings/embedding_-20801803.png">
      </div>
    </div>
  </div>
  </div>

        </div>
    </div>
  </div>

      </div>
      <div class="step">


<div class="brief step-name-Then passed">
  <span class="keyword indention">Then</span>
  <span class="name">validate successMessage is displayed</span>

  <span class="lead-duration duration">0.042</span>

</div>















  <div class="inner-level hooks-step-after">
    <div data-toggle="collapse" class=" collapsed  collapsable-control" data-target="#after-31">

<div class="brief passed">
  <span class="keyword indention">Hooks</span>
  <span class="name"></span>


     <i class="chevron fa fa-fw"></i>
</div>

    </div>

    <div id="after-31" class="inner-level collapse collapsable-details ">
        <div class="hook">
          <div class="brief passed">
            <span class="keyword indention">After</span>
              <span class="location name">AfterActions.tearDown(Scenario)</span>

  <span class="lead-duration duration">0.274</span>

          </div>






  <div class="embeddings inner-level">
  <div class="embedding indention">
    <div data-toggle="collapse" data-target="#embedding-32" class="collapsable-control">
      <a>Attachment 1 (png)</a>
      <a href="embeddings/embedding_-20801803.png" download target="_blank">
        <span class="download-button glyphicon glyphicon-download-alt"></span>
      </a>
    </div>
    <div id="embedding-32" class="collapse collapsable-details ">
      <div class="embedding-content">
        <img src="embeddings/embedding_-20801803.png">
      </div>
    </div>
  </div>
  </div>

        </div>
    </div>
  </div>

      </div>
      <div class="step">


<div class="brief step-name-Then failed">
  <span class="keyword indention">Then</span>
  <span class="name">Get Count of no of records transferred to BigQuery in <span class="argument">&quot;tableDemo&quot;</span></span>

  <span class="lead-duration duration">0.778</span>

</div>






  <div class="inner-level">
    <div class="message indention">
      <div data-toggle="collapse" class=" collapsable-control" data-target="#msg-33">
          <a>com.google.cloud.bigquery.BigQueryException:</a>
      </div>
      <div id="msg-33" class="collapse collapsable-details  in ">
        <pre>com.google.cloud.bigquery.BigQueryException: Access Denied: Project cdapio-github-builds: User does not have bigquery.jobs.create permission in project cdapio-github-builds.
	at com.google.cloud.bigquery.spi.v2.HttpBigQueryRpc.translate(HttpBigQueryRpc.java:115)
	at com.google.cloud.bigquery.spi.v2.HttpBigQueryRpc.queryRpc(HttpBigQueryRpc.java:652)
	at com.google.cloud.bigquery.BigQueryImpl$35.call(BigQueryImpl.java:1284)
	at com.google.cloud.bigquery.BigQueryImpl$35.call(BigQueryImpl.java:1281)
	at com.google.api.gax.retrying.DirectRetryingExecutor.submit(DirectRetryingExecutor.java:105)
	at com.google.cloud.bigquery.BigQueryRetryHelper.run(BigQueryRetryHelper.java:85)
	at com.google.cloud.bigquery.BigQueryRetryHelper.runWithRetries(BigQueryRetryHelper.java:49)
	at com.google.cloud.bigquery.BigQueryImpl.queryRpc(BigQueryImpl.java:1280)
	at com.google.cloud.bigquery.BigQueryImpl.query(BigQueryImpl.java:1268)
	at io.cdap.e2e.utils.GcpClient.countBqQuery(GcpClient.java:25)
	at stepsDesign.GCSBasicDemo.getCountOfNoOfRecordsTransferredToBigQueryIn(GCSBasicDemo.java:183)
	at &#10045;.Get Count of no of records transferred to BigQuery in &quot;tableDemo&quot;(file:src/test/resources/Test/DemoGcs.feature:19)
Caused by: com.google.api.client.googleapis.json.GoogleJsonResponseException: 403 Forbidden
POST https://www.googleapis.com/bigquery/v2/projects/cdapio-github-builds/queries
{
  &quot;code&quot; : 403,
  &quot;errors&quot; : [ {
    &quot;domain&quot; : &quot;global&quot;,
    &quot;message&quot; : &quot;Access Denied: Project cdapio-github-builds: User does not have bigquery.jobs.create permission in project cdapio-github-builds.&quot;,
    &quot;reason&quot; : &quot;accessDenied&quot;
  } ],
  &quot;message&quot; : &quot;Access Denied: Project cdapio-github-builds: User does not have bigquery.jobs.create permission in project cdapio-github-builds.&quot;,
  &quot;status&quot; : &quot;PERMISSION_DENIED&quot;
}
	at com.google.api.client.googleapis.json.GoogleJsonResponseException.from(GoogleJsonResponseException.java:146)
	at com.google.api.client.googleapis.services.json.AbstractGoogleJsonClientRequest.newExceptionOnError(AbstractGoogleJsonClientRequest.java:118)
	at com.google.api.client.googleapis.services.json.AbstractGoogleJsonClientRequest.newExceptionOnError(AbstractGoogleJsonClientRequest.java:37)
	at com.google.api.client.googleapis.services.AbstractGoogleClientRequest$1.interceptResponse(AbstractGoogleClientRequest.java:428)
	at com.google.api.client.http.HttpRequest.execute(HttpRequest.java:1111)
	at com.google.api.client.googleapis.services.AbstractGoogleClientRequest.executeUnparsed(AbstractGoogleClientRequest.java:514)
	at com.google.api.client.googleapis.services.AbstractGoogleClientRequest.executeUnparsed(AbstractGoogleClientRequest.java:455)
	at com.google.api.client.googleapis.services.AbstractGoogleClientRequest.execute(AbstractGoogleClientRequest.java:565)
	at com.google.cloud.bigquery.spi.v2.HttpBigQueryRpc.queryRpc(HttpBigQueryRpc.java:650)
	at com.google.cloud.bigquery.BigQueryImpl$35.call(BigQueryImpl.java:1284)
	at com.google.cloud.bigquery.BigQueryImpl$35.call(BigQueryImpl.java:1281)
	at com.google.api.gax.retrying.DirectRetryingExecutor.submit(DirectRetryingExecutor.java:105)
	at com.google.cloud.bigquery.BigQueryRetryHelper.run(BigQueryRetryHelper.java:85)
	at com.google.cloud.bigquery.BigQueryRetryHelper.runWithRetries(BigQueryRetryHelper.java:49)
	at com.google.cloud.bigquery.BigQueryImpl.queryRpc(BigQueryImpl.java:1280)
	at com.google.cloud.bigquery.BigQueryImpl.query(BigQueryImpl.java:1268)
	at io.cdap.e2e.utils.GcpClient.countBqQuery(GcpClient.java:25)
	at stepsDesign.GCSBasicDemo.getCountOfNoOfRecordsTransferredToBigQueryIn(GCSBasicDemo.java:183)
	at sun.reflect.NativeMethodAccessorImpl.invoke0(Native Method)
	at sun.reflect.NativeMethodAccessorImpl.invoke(NativeMethodAccessorImpl.java:62)
	at sun.reflect.DelegatingMethodAccessorImpl.invoke(DelegatingMethodAccessorImpl.java:43)
	at java.lang.reflect.Method.invoke(Method.java:498)
	at cucumber.runtime.Utils$1.call(Utils.java:26)
	at cucumber.runtime.Timeout.timeout(Timeout.java:16)
	at cucumber.runtime.Utils.invoke(Utils.java:20)
	at cucumber.runtime.java.JavaStepDefinition.execute(JavaStepDefinition.java:57)
	at cucumber.runner.PickleStepDefinitionMatch.runStep(PickleStepDefinitionMatch.java:50)
	at cucumber.runner.TestStep.executeStep(TestStep.java:65)
	at cucumber.runner.TestStep.run(TestStep.java:50)
	at cucumber.runner.PickleStepTestStep.run(PickleStepTestStep.java:43)
	at cucumber.runner.TestCase.run(TestCase.java:46)
	at cucumber.runner.Runner.runPickle(Runner.java:50)
	at io.cucumber.junit.PickleRunners$NoStepDescriptions.run(PickleRunners.java:146)
	at io.cucumber.junit.FeatureRunner.runChild(FeatureRunner.java:68)
	at io.cucumber.junit.FeatureRunner.runChild(FeatureRunner.java:23)
	at org.junit.runners.ParentRunner$4.run(ParentRunner.java:331)
	at org.junit.runners.ParentRunner$1.schedule(ParentRunner.java:79)
	at org.junit.runners.ParentRunner.runChildren(ParentRunner.java:329)
	at org.junit.runners.ParentRunner.access$100(ParentRunner.java:66)
	at org.junit.runners.ParentRunner$2.evaluate(ParentRunner.java:293)
	at org.junit.runners.ParentRunner$3.evaluate(ParentRunner.java:306)
	at org.junit.runners.ParentRunner.run(ParentRunner.java:413)
	at io.cucumber.junit.Cucumber.runChild(Cucumber.java:144)
	at io.cucumber.junit.Cucumber.runChild(Cucumber.java:65)
	at org.junit.runners.ParentRunner$4.run(ParentRunner.java:331)
	at org.junit.runners.ParentRunner$1.schedule(ParentRunner.java:79)
	at org.junit.runners.ParentRunner.runChildren(ParentRunner.java:329)
	at org.junit.runners.ParentRunner.access$100(ParentRunner.java:66)
	at org.junit.runners.ParentRunner$2.evaluate(ParentRunner.java:293)
	at io.cucumber.junit.Cucumber$RunCucumber.evaluate(Cucumber.java:174)
	at org.junit.runners.ParentRunner$3.evaluate(ParentRunner.java:306)
	at org.junit.runners.ParentRunner.run(ParentRunner.java:413)
	at org.apache.maven.surefire.junit4.JUnit4Provider.execute(JUnit4Provider.java:364)
	at org.apache.maven.surefire.junit4.JUnit4Provider.executeWithRerun(JUnit4Provider.java:272)
	at org.apache.maven.surefire.junit4.JUnit4Provider.executeTestSet(JUnit4Provider.java:237)
	at org.apache.maven.surefire.junit4.JUnit4Provider.invoke(JUnit4Provider.java:158)
	at org.apache.maven.surefire.booter.ForkedBooter.runSuitesInProcess(ForkedBooter.java:428)
	at org.apache.maven.surefire.booter.ForkedBooter.execute(ForkedBooter.java:162)
	at org.apache.maven.surefire.booter.ForkedBooter.run(ForkedBooter.java:562)
	at org.apache.maven.surefire.booter.ForkedBooter.main(ForkedBooter.java:548)
</pre>
      </div>
    </div>
  </div>










  <div class="inner-level hooks-step-after">
    <div data-toggle="collapse" class=" collapsed  collapsable-control" data-target="#after-34">

<div class="brief passed">
  <span class="keyword indention">Hooks</span>
  <span class="name"></span>


     <i class="chevron fa fa-fw"></i>
</div>

    </div>

    <div id="after-34" class="inner-level collapse collapsable-details ">
        <div class="hook">
          <div class="brief passed">
            <span class="keyword indention">After</span>
              <span class="location name">AfterActions.tearDown(Scenario)</span>

  <span class="lead-duration duration">0.284</span>

          </div>






  <div class="embeddings inner-level">
  <div class="embedding indention">
    <div data-toggle="collapse" data-target="#embedding-35" class="collapsable-control">
      <a>Attachment 1 (png)</a>
      <a href="embeddings/embedding_-20801803.png" download target="_blank">
        <span class="download-button glyphicon glyphicon-download-alt"></span>
      </a>
    </div>
    <div id="embedding-35" class="collapse collapsable-details ">
      <div class="embedding-content">
        <img src="embeddings/embedding_-20801803.png">
      </div>
    </div>
  </div>
  </div>

        </div>
    </div>
  </div>

      </div>
      <div class="step">


<div class="brief step-name-Then skipped">
  <span class="keyword indention">Then</span>
  <span class="name">Delete the table <span class="argument">&quot;tableDemo&quot;</span></span>

  <span class="lead-duration duration">0.000</span>

</div>















  <div class="inner-level hooks-step-after">
    <div data-toggle="collapse" class=" collapsable-control" data-target="#after-36">

<div class="brief failed">
  <span class="keyword indention">Hooks</span>
  <span class="name"></span>


     <i class="chevron fa fa-fw"></i>
</div>

    </div>

    <div id="after-36" class="inner-level collapse collapsable-details  in ">
        <div class="hook">
          <div class="brief skipped">
            <span class="keyword indention">After</span>
              <span class="location name">AfterActions.tearDown(Scenario)</span>

  <span class="lead-duration duration">0.000</span>

          </div>







        </div>
    </div>
  </div>

      </div>
  </div>
</div>





  </div>
</div>


      </div>
    </div>
  </div>
</div>


<div class="container-fluid">
  <div class="row">
    <div class="col-md-1 col-md-offset-10">
      <i class="fa fa-chevron-circle-down fa-2x collapsable-control"
        onClick="javascript:$('#report .collapsable-details').collapse('show')"></i>
      <i class="fa fa-chevron-circle-up fa-2x collapsable-control"
        onClick="javascript:$('#report .collapsable-details').collapse('hide')"></i>
    </div>
  </div>
</div>

<br/>

<nav class="navbar navbar-default" id="footer">
  <div class="container-fluid">
    <p class="navbar-text navbar-right">
        <small>generate Cucumber HTML reports via:&nbsp;</small>
        <a class="navbar-link" href="https://github.com/jenkinsci/cucumber-reports-plugin">Jenkins Plugin</a> |
        <a class="navbar-link" href="https://github.com/damianszczepanik/cucumber-reporting">Standalone</a> |
        <a class="navbar-link" href="https://github.com/damianszczepanik/cucumber-sandwich">Sandwich</a> |
        <a class="navbar-link" href="https://github.com/damianszczepanik/maven-cucumber-reporting">Maven</a>
        &nbsp;&nbsp;
    </p>
  </div>
</nav>

</body>
</html>
